
  .   ____          _            __ _ _
 /\\ / ___'_ __ _ _(_)_ __  __ _ \ \ \ \
( ( )\___ | '_ | '_| | '_ \/ _` | \ \ \ \
 \\/  ___)| |_)| | | | | || (_| |  ) ) ) )
  '  |____| .__|_| |_|_| |_\__, | / / / /
 =========|_|==============|___/=/_/_/_/

 :: Spring Boot ::                (v3.3.5)

2025-12-22T15:48:20.261+01:00  INFO 18496 --- [Staff-service] [           main] c.m.staff.StaffServiceApplication        : Starting StaffServiceApplication v0.0.1-SNAPSHOT using Java 17.0.11 with PID 18496 (C:\Users\asmab\MedInsight-Microservices-new\Staff-service\target\Staff-service-0.0.1-SNAPSHOT.jar started by asmab in C:\Users\asmab\MedInsight-Microservices-new\Staff-service)
2025-12-22T15:48:20.274+01:00 DEBUG 18496 --- [Staff-service] [           main] c.m.staff.StaffServiceApplication        : Running with Spring Boot v3.3.5, Spring v6.1.14
2025-12-22T15:48:20.277+01:00  INFO 18496 --- [Staff-service] [           main] c.m.staff.StaffServiceApplication        : No active profile set, falling back to 1 default profile: "default"
2025-12-22T15:48:24.627+01:00  INFO 18496 --- [Staff-service] [           main] .s.d.r.c.RepositoryConfigurationDelegate : Bootstrapping Spring Data JPA repositories in DEFAULT mode.
2025-12-22T15:48:24.874+01:00  INFO 18496 --- [Staff-service] [           main] .s.d.r.c.RepositoryConfigurationDelegate : Finished Spring Data repository scanning in 200 ms. Found 1 JPA repository interface.
2025-12-22T15:48:27.689+01:00  INFO 18496 --- [Staff-service] [           main] o.s.b.w.embedded.tomcat.TomcatWebServer  : Tomcat initialized with port 9002 (http)
2025-12-22T15:48:27.734+01:00  INFO 18496 --- [Staff-service] [           main] o.apache.catalina.core.StandardService   : Starting service [Tomcat]
2025-12-22T15:48:27.735+01:00  INFO 18496 --- [Staff-service] [           main] o.apache.catalina.core.StandardEngine    : Starting Servlet engine: [Apache Tomcat/10.1.31]
2025-12-22T15:48:27.877+01:00  INFO 18496 --- [Staff-service] [           main] o.a.c.c.C.[Tomcat].[localhost].[/]       : Initializing Spring embedded WebApplicationContext
2025-12-22T15:48:27.883+01:00  INFO 18496 --- [Staff-service] [           main] w.s.c.ServletWebServerApplicationContext : Root WebApplicationContext: initialization completed in 7429 ms
2025-12-22T15:48:28.090+01:00 DEBUG 18496 --- [Staff-service] [           main] c.m.staff.security.JwtHeaderFilter       : Filter 'jwtHeaderFilter' configured for use
2025-12-22T15:48:29.212+01:00  INFO 18496 --- [Staff-service] [           main] com.zaxxer.hikari.HikariDataSource       : HikariPool-1 - Starting...
2025-12-22T15:48:30.318+01:00  INFO 18496 --- [Staff-service] [           main] com.zaxxer.hikari.pool.HikariPool        : HikariPool-1 - Added connection com.mysql.cj.jdbc.ConnectionImpl@17c4dc5b
2025-12-22T15:48:30.322+01:00  INFO 18496 --- [Staff-service] [           main] com.zaxxer.hikari.HikariDataSource       : HikariPool-1 - Start completed.
2025-12-22T15:48:30.582+01:00  INFO 18496 --- [Staff-service] [           main] org.flywaydb.core.FlywayExecutor         : Database: jdbc:mysql://localhost:3307/staffdb (MySQL 8.4)
2025-12-22T15:48:30.702+01:00  WARN 18496 --- [Staff-service] [           main] o.f.c.internal.database.base.Database    : Flyway upgrade recommended: MySQL 8.4 is newer than this version of Flyway and support has not been tested. The latest supported version of MySQL is 8.1.
2025-12-22T15:48:30.974+01:00  INFO 18496 --- [Staff-service] [           main] o.f.core.internal.command.DbValidate     : Successfully validated 1 migration (execution time 00:00.212s)
2025-12-22T15:48:31.081+01:00  INFO 18496 --- [Staff-service] [           main] o.f.core.internal.command.DbMigrate      : Current version of schema `staffdb`: 1
2025-12-22T15:48:31.100+01:00  INFO 18496 --- [Staff-service] [           main] o.f.core.internal.command.DbMigrate      : Schema `staffdb` is up to date. No migration necessary.
2025-12-22T15:48:31.719+01:00  INFO 18496 --- [Staff-service] [           main] o.hibernate.jpa.internal.util.LogHelper  : HHH000204: Processing PersistenceUnitInfo [name: default]
2025-12-22T15:48:32.065+01:00  INFO 18496 --- [Staff-service] [           main] org.hibernate.Version                    : HHH000412: Hibernate ORM core version 6.5.3.Final
2025-12-22T15:48:32.199+01:00  INFO 18496 --- [Staff-service] [           main] o.h.c.internal.RegionFactoryInitiator    : HHH000026: Second-level cache disabled
2025-12-22T15:48:33.613+01:00  INFO 18496 --- [Staff-service] [           main] o.s.o.j.p.SpringPersistenceUnitInfo      : No LoadTimeWeaver setup: ignoring JPA class transformer
2025-12-22T15:48:33.802+01:00  WARN 18496 --- [Staff-service] [           main] org.hibernate.orm.deprecation            : HHH90000025: MySQLDialect does not need to be specified explicitly using 'hibernate.dialect' (remove the property setting and it will be selected by default)
2025-12-22T15:48:37.360+01:00  INFO 18496 --- [Staff-service] [           main] o.h.e.t.j.p.i.JtaPlatformInitiator       : HHH000489: No JTA platform available (set 'hibernate.transaction.jta.platform' to enable JTA platform integration)
2025-12-22T15:48:37.518+01:00  INFO 18496 --- [Staff-service] [           main] j.LocalContainerEntityManagerFactoryBean : Initialized JPA EntityManagerFactory for persistence unit 'default'
2025-12-22T15:48:40.592+01:00  WARN 18496 --- [Staff-service] [           main] JpaBaseConfiguration$JpaWebConfiguration : spring.jpa.open-in-view is enabled by default. Therefore, database queries may be performed during view rendering. Explicitly configure spring.jpa.open-in-view to disable this warning
2025-12-22T15:48:42.002+01:00  WARN 18496 --- [Staff-service] [           main] ConfigServletWebServerApplicationContext : Exception encountered during context initialization - cancelling refresh attempt: org.springframework.context.ApplicationContextException: Failed to start bean 'webServerStartStop'
2025-12-22T15:48:42.005+01:00  INFO 18496 --- [Staff-service] [           main] j.LocalContainerEntityManagerFactoryBean : Closing JPA EntityManagerFactory for persistence unit 'default'
2025-12-22T15:48:42.010+01:00  INFO 18496 --- [Staff-service] [           main] com.zaxxer.hikari.HikariDataSource       : HikariPool-1 - Shutdown initiated...
2025-12-22T15:48:42.048+01:00  INFO 18496 --- [Staff-service] [           main] com.zaxxer.hikari.HikariDataSource       : HikariPool-1 - Shutdown completed.
2025-12-22T15:48:42.083+01:00  INFO 18496 --- [Staff-service] [           main] .s.b.a.l.ConditionEvaluationReportLogger : 

Error starting ApplicationContext. To display the condition evaluation report re-run your application with 'debug' enabled.
2025-12-22T15:48:42.144+01:00 ERROR 18496 --- [Staff-service] [           main] o.s.b.d.LoggingFailureAnalysisReporter   : 

***************************
APPLICATION FAILED TO START
***************************

Description:

Web server failed to start. Port 9002 was already in use.

Action:

Identify and stop the process that's listening on port 9002 or configure this application to listen on another port.

