
  .   ____          _            __ _ _
 /\\ / ___'_ __ _ _(_)_ __  __ _ \ \ \ \
( ( )\___ | '_ | '_| | '_ \/ _` | \ \ \ \
 \\/  ___)| |_)| | | | | || (_| |  ) ) ) )
  '  |____| .__|_| |_|_| |_\__, | / / / /
 =========|_|==============|___/=/_/_/_/

 :: Spring Boot ::                (v3.3.5)

2025-12-22T15:51:09.830+01:00  INFO 15740 --- [Staff-service] [           main] c.m.staff.StaffServiceApplication        : Starting StaffServiceApplication v0.0.1-SNAPSHOT using Java 17.0.11 with PID 15740 (C:\Users\asmab\MedInsight-Microservices-new\Staff-service\target\Staff-service-0.0.1-SNAPSHOT.jar started by asmab in C:\Users\asmab\MedInsight-Microservices-new\Staff-service)
2025-12-22T15:51:09.839+01:00 DEBUG 15740 --- [Staff-service] [           main] c.m.staff.StaffServiceApplication        : Running with Spring Boot v3.3.5, Spring v6.1.14
2025-12-22T15:51:09.842+01:00  INFO 15740 --- [Staff-service] [           main] c.m.staff.StaffServiceApplication        : No active profile set, falling back to 1 default profile: "default"
2025-12-22T15:51:12.396+01:00  INFO 15740 --- [Staff-service] [           main] .s.d.r.c.RepositoryConfigurationDelegate : Bootstrapping Spring Data JPA repositories in DEFAULT mode.
2025-12-22T15:51:12.589+01:00  INFO 15740 --- [Staff-service] [           main] .s.d.r.c.RepositoryConfigurationDelegate : Finished Spring Data repository scanning in 163 ms. Found 1 JPA repository interface.
2025-12-22T15:51:15.352+01:00  INFO 15740 --- [Staff-service] [           main] o.s.b.w.embedded.tomcat.TomcatWebServer  : Tomcat initialized with port 9002 (http)
2025-12-22T15:51:15.517+01:00  INFO 15740 --- [Staff-service] [           main] o.apache.catalina.core.StandardService   : Starting service [Tomcat]
2025-12-22T15:51:15.518+01:00  INFO 15740 --- [Staff-service] [           main] o.apache.catalina.core.StandardEngine    : Starting Servlet engine: [Apache Tomcat/10.1.31]
2025-12-22T15:51:15.718+01:00  INFO 15740 --- [Staff-service] [           main] o.a.c.c.C.[Tomcat].[localhost].[/]       : Initializing Spring embedded WebApplicationContext
2025-12-22T15:51:15.724+01:00  INFO 15740 --- [Staff-service] [           main] w.s.c.ServletWebServerApplicationContext : Root WebApplicationContext: initialization completed in 5464 ms
2025-12-22T15:51:16.014+01:00 DEBUG 15740 --- [Staff-service] [           main] c.m.staff.security.JwtHeaderFilter       : Filter 'jwtHeaderFilter' configured for use
2025-12-22T15:51:17.443+01:00  INFO 15740 --- [Staff-service] [           main] com.zaxxer.hikari.HikariDataSource       : HikariPool-1 - Starting...
2025-12-22T15:51:18.108+01:00  INFO 15740 --- [Staff-service] [           main] com.zaxxer.hikari.pool.HikariPool        : HikariPool-1 - Added connection com.mysql.cj.jdbc.ConnectionImpl@30abf79c
2025-12-22T15:51:18.111+01:00  INFO 15740 --- [Staff-service] [           main] com.zaxxer.hikari.HikariDataSource       : HikariPool-1 - Start completed.
2025-12-22T15:51:18.217+01:00  INFO 15740 --- [Staff-service] [           main] org.flywaydb.core.FlywayExecutor         : Database: jdbc:mysql://localhost:3307/staffdb (MySQL 8.4)
2025-12-22T15:51:18.263+01:00  WARN 15740 --- [Staff-service] [           main] o.f.c.internal.database.base.Database    : Flyway upgrade recommended: MySQL 8.4 is newer than this version of Flyway and support has not been tested. The latest supported version of MySQL is 8.1.
2025-12-22T15:51:18.336+01:00  INFO 15740 --- [Staff-service] [           main] o.f.core.internal.command.DbValidate     : Successfully validated 1 migration (execution time 00:00.056s)
2025-12-22T15:51:18.381+01:00  INFO 15740 --- [Staff-service] [           main] o.f.core.internal.command.DbMigrate      : Current version of schema `staffdb`: 1
2025-12-22T15:51:18.387+01:00  INFO 15740 --- [Staff-service] [           main] o.f.core.internal.command.DbMigrate      : Schema `staffdb` is up to date. No migration necessary.
2025-12-22T15:51:18.645+01:00  INFO 15740 --- [Staff-service] [           main] o.hibernate.jpa.internal.util.LogHelper  : HHH000204: Processing PersistenceUnitInfo [name: default]
2025-12-22T15:51:18.874+01:00  INFO 15740 --- [Staff-service] [           main] org.hibernate.Version                    : HHH000412: Hibernate ORM core version 6.5.3.Final
2025-12-22T15:51:19.024+01:00  INFO 15740 --- [Staff-service] [           main] o.h.c.internal.RegionFactoryInitiator    : HHH000026: Second-level cache disabled
2025-12-22T15:51:20.548+01:00  INFO 15740 --- [Staff-service] [           main] o.s.o.j.p.SpringPersistenceUnitInfo      : No LoadTimeWeaver setup: ignoring JPA class transformer
2025-12-22T15:51:20.764+01:00  WARN 15740 --- [Staff-service] [           main] org.hibernate.orm.deprecation            : HHH90000025: MySQLDialect does not need to be specified explicitly using 'hibernate.dialect' (remove the property setting and it will be selected by default)
2025-12-22T15:51:22.484+01:00  INFO 15740 --- [Staff-service] [           main] o.h.e.t.j.p.i.JtaPlatformInitiator       : HHH000489: No JTA platform available (set 'hibernate.transaction.jta.platform' to enable JTA platform integration)
2025-12-22T15:51:22.553+01:00  INFO 15740 --- [Staff-service] [           main] j.LocalContainerEntityManagerFactoryBean : Initialized JPA EntityManagerFactory for persistence unit 'default'
2025-12-22T15:51:25.689+01:00  WARN 15740 --- [Staff-service] [           main] JpaBaseConfiguration$JpaWebConfiguration : spring.jpa.open-in-view is enabled by default. Therefore, database queries may be performed during view rendering. Explicitly configure spring.jpa.open-in-view to disable this warning
2025-12-22T15:51:27.602+01:00  INFO 15740 --- [Staff-service] [           main] o.s.b.w.embedded.tomcat.TomcatWebServer  : Tomcat started on port 9002 (http) with context path '/'
2025-12-22T15:51:27.665+01:00  INFO 15740 --- [Staff-service] [           main] c.m.staff.StaffServiceApplication        : Started StaffServiceApplication in 19.229 seconds (process running for 20.603)
