
  .   ____          _            __ _ _
 /\\ / ___'_ __ _ _(_)_ __  __ _ \ \ \ \
( ( )\___ | '_ | '_| | '_ \/ _` | \ \ \ \
 \\/  ___)| |_)| | | | | || (_| |  ) ) ) )
  '  |____| .__|_| |_|_| |_\__, | / / / /
 =========|_|==============|___/=/_/_/_/
 :: Spring Boot ::                (v3.2.0)

2025-12-22T17:37:33.664+01:00  INFO 19700 --- [ordonnance-service] [           main] c.m.o.OrdonnanceServiceApplication       : Starting OrdonnanceServiceApplication v0.0.1-SNAPSHOT using Java 17.0.11 with PID 19700 (C:\Users\asmab\MedInsight-Microservices-new\MedInsight-Microservices\ordonnance-service\target\ordonnance-service-0.0.1-SNAPSHOT.jar started by asmab in C:\Users\asmab\MedInsight-Microservices-new\MedInsight-Microservices\ordonnance-service)
2025-12-22T17:37:33.999+01:00  INFO 19700 --- [ordonnance-service] [           main] c.m.o.OrdonnanceServiceApplication       : No active profile set, falling back to 1 default profile: "default"
2025-12-22T17:37:45.061+01:00  INFO 19700 --- [ordonnance-service] [           main] .s.d.r.c.RepositoryConfigurationDelegate : Bootstrapping Spring Data JPA repositories in DEFAULT mode.
2025-12-22T17:37:45.400+01:00  INFO 19700 --- [ordonnance-service] [           main] .s.d.r.c.RepositoryConfigurationDelegate : Finished Spring Data repository scanning in 288 ms. Found 1 JPA repository interface.
2025-12-22T17:37:56.451+01:00  INFO 19700 --- [ordonnance-service] [           main] o.s.b.w.embedded.tomcat.TomcatWebServer  : Tomcat initialized with port 8082 (http)
2025-12-22T17:37:56.520+01:00  INFO 19700 --- [ordonnance-service] [           main] o.apache.catalina.core.StandardService   : Starting service [Tomcat]
2025-12-22T17:37:56.523+01:00  INFO 19700 --- [ordonnance-service] [           main] o.apache.catalina.core.StandardEngine    : Starting Servlet engine: [Apache Tomcat/10.1.16]
2025-12-22T17:37:57.120+01:00  INFO 19700 --- [ordonnance-service] [           main] o.a.c.c.C.[Tomcat].[localhost].[/]       : Initializing Spring embedded WebApplicationContext
2025-12-22T17:37:57.127+01:00  INFO 19700 --- [ordonnance-service] [           main] w.s.c.ServletWebServerApplicationContext : Root WebApplicationContext: initialization completed in 22290 ms
2025-12-22T17:38:04.142+01:00  INFO 19700 --- [ordonnance-service] [           main] o.hibernate.jpa.internal.util.LogHelper  : HHH000204: Processing PersistenceUnitInfo [name: default]
2025-12-22T17:38:05.255+01:00  INFO 19700 --- [ordonnance-service] [           main] org.hibernate.Version                    : HHH000412: Hibernate ORM core version 6.3.1.Final
2025-12-22T17:38:05.480+01:00  INFO 19700 --- [ordonnance-service] [           main] o.h.c.internal.RegionFactoryInitiator    : HHH000026: Second-level cache disabled
2025-12-22T17:38:07.535+01:00  INFO 19700 --- [ordonnance-service] [           main] o.s.o.j.p.SpringPersistenceUnitInfo      : No LoadTimeWeaver setup: ignoring JPA class transformer
2025-12-22T17:38:07.780+01:00  INFO 19700 --- [ordonnance-service] [           main] com.zaxxer.hikari.HikariDataSource       : HikariPool-1 - Starting...
2025-12-22T17:38:09.200+01:00  INFO 19700 --- [ordonnance-service] [           main] com.zaxxer.hikari.pool.HikariPool        : HikariPool-1 - Added connection org.postgresql.jdbc.PgConnection@62158991
2025-12-22T17:38:09.212+01:00  INFO 19700 --- [ordonnance-service] [           main] com.zaxxer.hikari.HikariDataSource       : HikariPool-1 - Start completed.
2025-12-22T17:38:09.677+01:00  WARN 19700 --- [ordonnance-service] [           main] org.hibernate.orm.deprecation            : HHH90000025: PostgreSQLDialect does not need to be specified explicitly using 'hibernate.dialect' (remove the property setting and it will be selected by default)
2025-12-22T17:38:17.017+01:00  INFO 19700 --- [ordonnance-service] [           main] o.h.e.t.j.p.i.JtaPlatformInitiator       : HHH000489: No JTA platform available (set 'hibernate.transaction.jta.platform' to enable JTA platform integration)
2025-12-22T17:38:19.145+01:00  INFO 19700 --- [ordonnance-service] [           main] j.LocalContainerEntityManagerFactoryBean : Initialized JPA EntityManagerFactory for persistence unit 'default'
2025-12-22T17:38:23.283+01:00  WARN 19700 --- [ordonnance-service] [           main] JpaBaseConfiguration$JpaWebConfiguration : spring.jpa.open-in-view is enabled by default. Therefore, database queries may be performed during view rendering. Explicitly configure spring.jpa.open-in-view to disable this warning
2025-12-22T17:38:28.251+01:00  INFO 19700 --- [ordonnance-service] [           main] o.s.b.a.e.web.EndpointLinksResolver      : Exposing 1 endpoint(s) beneath base path '/actuator'
2025-12-22T17:38:29.495+01:00  INFO 19700 --- [ordonnance-service] [           main] o.s.b.w.embedded.tomcat.TomcatWebServer  : Tomcat started on port 8082 (http) with context path ''
2025-12-22T17:38:29.746+01:00  INFO 19700 --- [ordonnance-service] [           main] o.a.k.clients.consumer.ConsumerConfig    : ConsumerConfig values: 
	allow.auto.create.topics = true
	auto.commit.interval.ms = 5000
	auto.include.jmx.reporter = true
	auto.offset.reset = earliest
	bootstrap.servers = [localhost:9092]
	check.crcs = true
	client.dns.lookup = use_all_dns_ips
	client.id = consumer-ordonnance-group-1
	client.rack = 
	connections.max.idle.ms = 540000
	default.api.timeout.ms = 60000
	enable.auto.commit = false
	exclude.internal.topics = true
	fetch.max.bytes = 52428800
	fetch.max.wait.ms = 500
	fetch.min.bytes = 1
	group.id = ordonnance-group
	group.instance.id = null
	heartbeat.interval.ms = 3000
	interceptor.classes = []
	internal.leave.group.on.close = true
	internal.throw.on.fetch.stable.offset.unsupported = false
	isolation.level = read_uncommitted
	key.deserializer = class org.apache.kafka.common.serialization.StringDeserializer
	max.partition.fetch.bytes = 1048576
	max.poll.interval.ms = 300000
	max.poll.records = 500
	metadata.max.age.ms = 300000
	metric.reporters = []
	metrics.num.samples = 2
	metrics.recording.level = INFO
	metrics.sample.window.ms = 30000
	partition.assignment.strategy = [class org.apache.kafka.clients.consumer.RangeAssignor, class org.apache.kafka.clients.consumer.CooperativeStickyAssignor]
	receive.buffer.bytes = 65536
	reconnect.backoff.max.ms = 1000
	reconnect.backoff.ms = 50
	request.timeout.ms = 30000
	retry.backoff.ms = 100
	sasl.client.callback.handler.class = null
	sasl.jaas.config = null
	sasl.kerberos.kinit.cmd = /usr/bin/kinit
	sasl.kerberos.min.time.before.relogin = 60000
	sasl.kerberos.service.name = null
	sasl.kerberos.ticket.renew.jitter = 0.05
	sasl.kerberos.ticket.renew.window.factor = 0.8
	sasl.login.callback.handler.class = null
	sasl.login.class = null
	sasl.login.connect.timeout.ms = null
	sasl.login.read.timeout.ms = null
	sasl.login.refresh.buffer.seconds = 300
	sasl.login.refresh.min.period.seconds = 60
	sasl.login.refresh.window.factor = 0.8
	sasl.login.refresh.window.jitter = 0.05
	sasl.login.retry.backoff.max.ms = 10000
	sasl.login.retry.backoff.ms = 100
	sasl.mechanism = GSSAPI
	sasl.oauthbearer.clock.skew.seconds = 30
	sasl.oauthbearer.expected.audience = null
	sasl.oauthbearer.expected.issuer = null
	sasl.oauthbearer.jwks.endpoint.refresh.ms = 3600000
	sasl.oauthbearer.jwks.endpoint.retry.backoff.max.ms = 10000
	sasl.oauthbearer.jwks.endpoint.retry.backoff.ms = 100
	sasl.oauthbearer.jwks.endpoint.url = null
	sasl.oauthbearer.scope.claim.name = scope
	sasl.oauthbearer.sub.claim.name = sub
	sasl.oauthbearer.token.endpoint.url = null
	security.protocol = PLAINTEXT
	security.providers = null
	send.buffer.bytes = 131072
	session.timeout.ms = 45000
	socket.connection.setup.timeout.max.ms = 30000
	socket.connection.setup.timeout.ms = 10000
	ssl.cipher.suites = null
	ssl.enabled.protocols = [TLSv1.2, TLSv1.3]
	ssl.endpoint.identification.algorithm = https
	ssl.engine.factory.class = null
	ssl.key.password = null
	ssl.keymanager.algorithm = SunX509
	ssl.keystore.certificate.chain = null
	ssl.keystore.key = null
	ssl.keystore.location = null
	ssl.keystore.password = null
	ssl.keystore.type = JKS
	ssl.protocol = TLSv1.3
	ssl.provider = null
	ssl.secure.random.implementation = null
	ssl.trustmanager.algorithm = PKIX
	ssl.truststore.certificates = null
	ssl.truststore.location = null
	ssl.truststore.password = null
	ssl.truststore.type = JKS
	value.deserializer = class org.apache.kafka.common.serialization.StringDeserializer

2025-12-22T17:38:30.400+01:00  INFO 19700 --- [ordonnance-service] [           main] o.a.kafka.common.utils.AppInfoParser     : Kafka version: 3.6.0
2025-12-22T17:38:30.403+01:00  INFO 19700 --- [ordonnance-service] [           main] o.a.kafka.common.utils.AppInfoParser     : Kafka commitId: 60e845626d8a465a
2025-12-22T17:38:30.403+01:00  INFO 19700 --- [ordonnance-service] [           main] o.a.kafka.common.utils.AppInfoParser     : Kafka startTimeMs: 1766421510396
2025-12-22T17:38:30.442+01:00  INFO 19700 --- [ordonnance-service] [           main] fkaConsumerFactory$ExtendedKafkaConsumer : [Consumer clientId=consumer-ordonnance-group-1, groupId=ordonnance-group] Subscribed to topic(s): prescription.requests
2025-12-22T17:38:30.845+01:00  INFO 19700 --- [ordonnance-service] [           main] c.m.o.OrdonnanceServiceApplication       : Started OrdonnanceServiceApplication in 61.607 seconds (process running for 65.176)
2025-12-22T17:38:35.666+01:00  INFO 19700 --- [ordonnance-service] [ntainer#0-0-C-1] org.apache.kafka.clients.Metadata        : [Consumer clientId=consumer-ordonnance-group-1, groupId=ordonnance-group] Cluster ID: WRiu9iLQTIKL8A5uqg1OLg
2025-12-22T17:38:36.073+01:00  INFO 19700 --- [ordonnance-service] [ntainer#0-0-C-1] o.a.k.c.c.internals.ConsumerCoordinator  : [Consumer clientId=consumer-ordonnance-group-1, groupId=ordonnance-group] Discovered group coordinator localhost:9092 (id: 2147483646 rack: null)
2025-12-22T17:38:36.079+01:00  INFO 19700 --- [ordonnance-service] [ntainer#0-0-C-1] o.a.k.c.c.internals.ConsumerCoordinator  : [Consumer clientId=consumer-ordonnance-group-1, groupId=ordonnance-group] (Re-)joining group
2025-12-22T17:38:36.400+01:00  INFO 19700 --- [ordonnance-service] [ntainer#0-0-C-1] o.a.k.c.c.internals.ConsumerCoordinator  : [Consumer clientId=consumer-ordonnance-group-1, groupId=ordonnance-group] Request joining group due to: need to re-join with the given member-id: consumer-ordonnance-group-1-66e4ff59-f156-4279-a339-2a3d1d072575
2025-12-22T17:38:36.404+01:00  INFO 19700 --- [ordonnance-service] [ntainer#0-0-C-1] o.a.k.c.c.internals.ConsumerCoordinator  : [Consumer clientId=consumer-ordonnance-group-1, groupId=ordonnance-group] Request joining group due to: rebalance failed due to 'The group member needs to have a valid member id before actually entering a consumer group.' (MemberIdRequiredException)
2025-12-22T17:38:36.405+01:00  INFO 19700 --- [ordonnance-service] [ntainer#0-0-C-1] o.a.k.c.c.internals.ConsumerCoordinator  : [Consumer clientId=consumer-ordonnance-group-1, groupId=ordonnance-group] (Re-)joining group
2025-12-22T17:38:39.645+01:00  INFO 19700 --- [ordonnance-service] [ntainer#0-0-C-1] o.a.k.c.c.internals.ConsumerCoordinator  : [Consumer clientId=consumer-ordonnance-group-1, groupId=ordonnance-group] Successfully joined group with generation Generation{generationId=6, memberId='consumer-ordonnance-group-1-66e4ff59-f156-4279-a339-2a3d1d072575', protocol='range'}
2025-12-22T17:38:39.664+01:00  INFO 19700 --- [ordonnance-service] [ntainer#0-0-C-1] o.a.k.c.c.internals.ConsumerCoordinator  : [Consumer clientId=consumer-ordonnance-group-1, groupId=ordonnance-group] Finished assignment for group at generation 6: {consumer-ordonnance-group-1-66e4ff59-f156-4279-a339-2a3d1d072575=Assignment(partitions=[prescription.requests-0])}
2025-12-22T17:38:39.695+01:00  INFO 19700 --- [ordonnance-service] [ntainer#0-0-C-1] o.a.k.c.c.internals.ConsumerCoordinator  : [Consumer clientId=consumer-ordonnance-group-1, groupId=ordonnance-group] Successfully synced group in generation Generation{generationId=6, memberId='consumer-ordonnance-group-1-66e4ff59-f156-4279-a339-2a3d1d072575', protocol='range'}
2025-12-22T17:38:39.696+01:00  INFO 19700 --- [ordonnance-service] [ntainer#0-0-C-1] o.a.k.c.c.internals.ConsumerCoordinator  : [Consumer clientId=consumer-ordonnance-group-1, groupId=ordonnance-group] Notifying assignor about the new Assignment(partitions=[prescription.requests-0])
2025-12-22T17:38:39.703+01:00  INFO 19700 --- [ordonnance-service] [ntainer#0-0-C-1] o.a.k.c.c.internals.ConsumerCoordinator  : [Consumer clientId=consumer-ordonnance-group-1, groupId=ordonnance-group] Adding newly assigned partitions: prescription.requests-0
2025-12-22T17:38:39.735+01:00  INFO 19700 --- [ordonnance-service] [ntainer#0-0-C-1] o.a.k.c.c.internals.ConsumerCoordinator  : [Consumer clientId=consumer-ordonnance-group-1, groupId=ordonnance-group] Found no committed offset for partition prescription.requests-0
2025-12-22T17:38:39.812+01:00  INFO 19700 --- [ordonnance-service] [ntainer#0-0-C-1] o.a.k.c.c.internals.SubscriptionState    : [Consumer clientId=consumer-ordonnance-group-1, groupId=ordonnance-group] Resetting offset for partition prescription.requests-0 to position FetchPosition{offset=0, offsetEpoch=Optional.empty, currentLeader=LeaderAndEpoch{leader=Optional[localhost:9092 (id: 1 rack: null)], epoch=0}}.
2025-12-22T17:38:39.817+01:00  INFO 19700 --- [ordonnance-service] [ntainer#0-0-C-1] o.s.k.l.KafkaMessageListenerContainer    : ordonnance-group: partitions assigned: [prescription.requests-0]
2025-12-22T17:47:36.346+01:00  INFO 19700 --- [ordonnance-service] [ntainer#0-0-C-1] org.apache.kafka.clients.NetworkClient   : [Consumer clientId=consumer-ordonnance-group-1, groupId=ordonnance-group] Node -1 disconnected.
