
  .   ____          _            __ _ _
 /\\ / ___'_ __ _ _(_)_ __  __ _ \ \ \ \
( ( )\___ | '_ | '_| | '_ \/ _` | \ \ \ \
 \\/  ___)| |_)| | | | | || (_| |  ) ) ) )
  '  |____| .__|_| |_|_| |_\__, | / / / /
 =========|_|==============|___/=/_/_/_/
 :: Spring Boot ::                (v3.2.0)

2025-12-22T17:37:33.130+01:00  INFO 21108 --- [lab-service] [           main] c.medinsight.lab.LabServiceApplication   : Starting LabServiceApplication v0.0.1-SNAPSHOT using Java 17.0.11 with PID 21108 (C:\Users\asmab\MedInsight-Microservices-new\MedInsight-Microservices\lab-service\target\lab-service-0.0.1-SNAPSHOT.jar started by asmab in C:\Users\asmab\MedInsight-Microservices-new\MedInsight-Microservices\lab-service)
2025-12-22T17:37:33.309+01:00  INFO 21108 --- [lab-service] [           main] c.medinsight.lab.LabServiceApplication   : No active profile set, falling back to 1 default profile: "default"
2025-12-22T17:37:44.187+01:00  INFO 21108 --- [lab-service] [           main] .s.d.r.c.RepositoryConfigurationDelegate : Bootstrapping Spring Data JPA repositories in DEFAULT mode.
2025-12-22T17:37:44.574+01:00  INFO 21108 --- [lab-service] [           main] .s.d.r.c.RepositoryConfigurationDelegate : Finished Spring Data repository scanning in 353 ms. Found 1 JPA repository interface.
2025-12-22T17:37:55.828+01:00  INFO 21108 --- [lab-service] [           main] o.s.b.w.embedded.tomcat.TomcatWebServer  : Tomcat initialized with port 8081 (http)
2025-12-22T17:37:55.906+01:00  INFO 21108 --- [lab-service] [           main] o.apache.catalina.core.StandardService   : Starting service [Tomcat]
2025-12-22T17:37:55.910+01:00  INFO 21108 --- [lab-service] [           main] o.apache.catalina.core.StandardEngine    : Starting Servlet engine: [Apache Tomcat/10.1.16]
2025-12-22T17:37:56.218+01:00  INFO 21108 --- [lab-service] [           main] o.a.c.c.C.[Tomcat].[localhost].[/]       : Initializing Spring embedded WebApplicationContext
2025-12-22T17:37:56.226+01:00  INFO 21108 --- [lab-service] [           main] w.s.c.ServletWebServerApplicationContext : Root WebApplicationContext: initialization completed in 21288 ms
2025-12-22T17:38:06.452+01:00  INFO 21108 --- [lab-service] [           main] o.hibernate.jpa.internal.util.LogHelper  : HHH000204: Processing PersistenceUnitInfo [name: default]
2025-12-22T17:38:06.922+01:00  INFO 21108 --- [lab-service] [           main] org.hibernate.Version                    : HHH000412: Hibernate ORM core version 6.3.1.Final
2025-12-22T17:38:07.139+01:00  INFO 21108 --- [lab-service] [           main] o.h.c.internal.RegionFactoryInitiator    : HHH000026: Second-level cache disabled
2025-12-22T17:38:11.125+01:00  INFO 21108 --- [lab-service] [           main] o.s.o.j.p.SpringPersistenceUnitInfo      : No LoadTimeWeaver setup: ignoring JPA class transformer
2025-12-22T17:38:11.422+01:00  INFO 21108 --- [lab-service] [           main] com.zaxxer.hikari.HikariDataSource       : HikariPool-1 - Starting...
2025-12-22T17:38:19.836+01:00  INFO 21108 --- [lab-service] [           main] com.zaxxer.hikari.pool.HikariPool        : HikariPool-1 - Added connection org.postgresql.jdbc.PgConnection@42e202d7
2025-12-22T17:38:19.840+01:00  INFO 21108 --- [lab-service] [           main] com.zaxxer.hikari.HikariDataSource       : HikariPool-1 - Start completed.
2025-12-22T17:38:20.388+01:00  WARN 21108 --- [lab-service] [           main] org.hibernate.orm.deprecation            : HHH90000025: PostgreSQLDialect does not need to be specified explicitly using 'hibernate.dialect' (remove the property setting and it will be selected by default)
2025-12-22T17:38:26.940+01:00  INFO 21108 --- [lab-service] [           main] o.h.e.t.j.p.i.JtaPlatformInitiator       : HHH000489: No JTA platform available (set 'hibernate.transaction.jta.platform' to enable JTA platform integration)
2025-12-22T17:38:27.566+01:00  INFO 21108 --- [lab-service] [           main] j.LocalContainerEntityManagerFactoryBean : Initialized JPA EntityManagerFactory for persistence unit 'default'
2025-12-22T17:38:30.735+01:00  WARN 21108 --- [lab-service] [           main] JpaBaseConfiguration$JpaWebConfiguration : spring.jpa.open-in-view is enabled by default. Therefore, database queries may be performed during view rendering. Explicitly configure spring.jpa.open-in-view to disable this warning
2025-12-22T17:38:35.417+01:00  INFO 21108 --- [lab-service] [           main] o.s.b.a.e.web.EndpointLinksResolver      : Exposing 1 endpoint(s) beneath base path '/actuator'
2025-12-22T17:38:35.821+01:00  INFO 21108 --- [lab-service] [           main] o.s.b.w.embedded.tomcat.TomcatWebServer  : Tomcat started on port 8081 (http) with context path ''
2025-12-22T17:38:36.446+01:00  INFO 21108 --- [lab-service] [           main] o.a.k.clients.consumer.ConsumerConfig    : ConsumerConfig values: 
	allow.auto.create.topics = true
	auto.commit.interval.ms = 5000
	auto.include.jmx.reporter = true
	auto.offset.reset = earliest
	bootstrap.servers = [localhost:9092]
	check.crcs = true
	client.dns.lookup = use_all_dns_ips
	client.id = consumer-lab-group-1
	client.rack = 
	connections.max.idle.ms = 540000
	default.api.timeout.ms = 60000
	enable.auto.commit = false
	exclude.internal.topics = true
	fetch.max.bytes = 52428800
	fetch.max.wait.ms = 500
	fetch.min.bytes = 1
	group.id = lab-group
	group.instance.id = null
	heartbeat.interval.ms = 3000
	interceptor.classes = []
	internal.leave.group.on.close = true
	internal.throw.on.fetch.stable.offset.unsupported = false
	isolation.level = read_uncommitted
	key.deserializer = class org.apache.kafka.common.serialization.StringDeserializer
	max.partition.fetch.bytes = 1048576
	max.poll.interval.ms = 300000
	max.poll.records = 500
	metadata.max.age.ms = 300000
	metric.reporters = []
	metrics.num.samples = 2
	metrics.recording.level = INFO
	metrics.sample.window.ms = 30000
	partition.assignment.strategy = [class org.apache.kafka.clients.consumer.RangeAssignor, class org.apache.kafka.clients.consumer.CooperativeStickyAssignor]
	receive.buffer.bytes = 65536
	reconnect.backoff.max.ms = 1000
	reconnect.backoff.ms = 50
	request.timeout.ms = 30000
	retry.backoff.ms = 100
	sasl.client.callback.handler.class = null
	sasl.jaas.config = null
	sasl.kerberos.kinit.cmd = /usr/bin/kinit
	sasl.kerberos.min.time.before.relogin = 60000
	sasl.kerberos.service.name = null
	sasl.kerberos.ticket.renew.jitter = 0.05
	sasl.kerberos.ticket.renew.window.factor = 0.8
	sasl.login.callback.handler.class = null
	sasl.login.class = null
	sasl.login.connect.timeout.ms = null
	sasl.login.read.timeout.ms = null
	sasl.login.refresh.buffer.seconds = 300
	sasl.login.refresh.min.period.seconds = 60
	sasl.login.refresh.window.factor = 0.8
	sasl.login.refresh.window.jitter = 0.05
	sasl.login.retry.backoff.max.ms = 10000
	sasl.login.retry.backoff.ms = 100
	sasl.mechanism = GSSAPI
	sasl.oauthbearer.clock.skew.seconds = 30
	sasl.oauthbearer.expected.audience = null
	sasl.oauthbearer.expected.issuer = null
	sasl.oauthbearer.jwks.endpoint.refresh.ms = 3600000
	sasl.oauthbearer.jwks.endpoint.retry.backoff.max.ms = 10000
	sasl.oauthbearer.jwks.endpoint.retry.backoff.ms = 100
	sasl.oauthbearer.jwks.endpoint.url = null
	sasl.oauthbearer.scope.claim.name = scope
	sasl.oauthbearer.sub.claim.name = sub
	sasl.oauthbearer.token.endpoint.url = null
	security.protocol = PLAINTEXT
	security.providers = null
	send.buffer.bytes = 131072
	session.timeout.ms = 45000
	socket.connection.setup.timeout.max.ms = 30000
	socket.connection.setup.timeout.ms = 10000
	ssl.cipher.suites = null
	ssl.enabled.protocols = [TLSv1.2, TLSv1.3]
	ssl.endpoint.identification.algorithm = https
	ssl.engine.factory.class = null
	ssl.key.password = null
	ssl.keymanager.algorithm = SunX509
	ssl.keystore.certificate.chain = null
	ssl.keystore.key = null
	ssl.keystore.location = null
	ssl.keystore.password = null
	ssl.keystore.type = JKS
	ssl.protocol = TLSv1.3
	ssl.provider = null
	ssl.secure.random.implementation = null
	ssl.trustmanager.algorithm = PKIX
	ssl.truststore.certificates = null
	ssl.truststore.location = null
	ssl.truststore.password = null
	ssl.truststore.type = JKS
	value.deserializer = class org.apache.kafka.common.serialization.StringDeserializer

2025-12-22T17:38:37.064+01:00  INFO 21108 --- [lab-service] [           main] o.a.kafka.common.utils.AppInfoParser     : Kafka version: 3.6.0
2025-12-22T17:38:37.065+01:00  INFO 21108 --- [lab-service] [           main] o.a.kafka.common.utils.AppInfoParser     : Kafka commitId: 60e845626d8a465a
2025-12-22T17:38:37.066+01:00  INFO 21108 --- [lab-service] [           main] o.a.kafka.common.utils.AppInfoParser     : Kafka startTimeMs: 1766421517059
2025-12-22T17:38:37.108+01:00  INFO 21108 --- [lab-service] [           main] fkaConsumerFactory$ExtendedKafkaConsumer : [Consumer clientId=consumer-lab-group-1, groupId=lab-group] Subscribed to topic(s): lab.requests
2025-12-22T17:38:37.230+01:00  INFO 21108 --- [lab-service] [           main] c.medinsight.lab.LabServiceApplication   : Started LabServiceApplication in 68.698 seconds (process running for 72.338)
2025-12-22T17:38:39.064+01:00  INFO 21108 --- [lab-service] [ntainer#0-0-C-1] org.apache.kafka.clients.Metadata        : [Consumer clientId=consumer-lab-group-1, groupId=lab-group] Cluster ID: WRiu9iLQTIKL8A5uqg1OLg
2025-12-22T17:38:39.069+01:00  INFO 21108 --- [lab-service] [ntainer#0-0-C-1] o.a.k.c.c.internals.ConsumerCoordinator  : [Consumer clientId=consumer-lab-group-1, groupId=lab-group] Discovered group coordinator localhost:9092 (id: 2147483646 rack: null)
2025-12-22T17:38:39.081+01:00  INFO 21108 --- [lab-service] [ntainer#0-0-C-1] o.a.k.c.c.internals.ConsumerCoordinator  : [Consumer clientId=consumer-lab-group-1, groupId=lab-group] (Re-)joining group
2025-12-22T17:38:39.299+01:00  INFO 21108 --- [lab-service] [ntainer#0-0-C-1] o.a.k.c.c.internals.ConsumerCoordinator  : [Consumer clientId=consumer-lab-group-1, groupId=lab-group] Request joining group due to: need to re-join with the given member-id: consumer-lab-group-1-095c8142-5a5a-4e7e-a208-e10d51f97503
2025-12-22T17:38:39.301+01:00  INFO 21108 --- [lab-service] [ntainer#0-0-C-1] o.a.k.c.c.internals.ConsumerCoordinator  : [Consumer clientId=consumer-lab-group-1, groupId=lab-group] Request joining group due to: rebalance failed due to 'The group member needs to have a valid member id before actually entering a consumer group.' (MemberIdRequiredException)
2025-12-22T17:38:39.301+01:00  INFO 21108 --- [lab-service] [ntainer#0-0-C-1] o.a.k.c.c.internals.ConsumerCoordinator  : [Consumer clientId=consumer-lab-group-1, groupId=lab-group] (Re-)joining group
2025-12-22T17:38:42.468+01:00  INFO 21108 --- [lab-service] [ntainer#0-0-C-1] o.a.k.c.c.internals.ConsumerCoordinator  : [Consumer clientId=consumer-lab-group-1, groupId=lab-group] Successfully joined group with generation Generation{generationId=6, memberId='consumer-lab-group-1-095c8142-5a5a-4e7e-a208-e10d51f97503', protocol='range'}
2025-12-22T17:38:42.526+01:00  INFO 21108 --- [lab-service] [ntainer#0-0-C-1] o.a.k.c.c.internals.ConsumerCoordinator  : [Consumer clientId=consumer-lab-group-1, groupId=lab-group] Finished assignment for group at generation 6: {consumer-lab-group-1-095c8142-5a5a-4e7e-a208-e10d51f97503=Assignment(partitions=[lab.requests-0])}
2025-12-22T17:38:42.583+01:00  INFO 21108 --- [lab-service] [ntainer#0-0-C-1] o.a.k.c.c.internals.ConsumerCoordinator  : [Consumer clientId=consumer-lab-group-1, groupId=lab-group] Successfully synced group in generation Generation{generationId=6, memberId='consumer-lab-group-1-095c8142-5a5a-4e7e-a208-e10d51f97503', protocol='range'}
2025-12-22T17:38:42.608+01:00  INFO 21108 --- [lab-service] [ntainer#0-0-C-1] o.a.k.c.c.internals.ConsumerCoordinator  : [Consumer clientId=consumer-lab-group-1, groupId=lab-group] Notifying assignor about the new Assignment(partitions=[lab.requests-0])
2025-12-22T17:38:42.621+01:00  INFO 21108 --- [lab-service] [ntainer#0-0-C-1] o.a.k.c.c.internals.ConsumerCoordinator  : [Consumer clientId=consumer-lab-group-1, groupId=lab-group] Adding newly assigned partitions: lab.requests-0
2025-12-22T17:38:42.725+01:00  INFO 21108 --- [lab-service] [ntainer#0-0-C-1] o.a.k.c.c.internals.ConsumerCoordinator  : [Consumer clientId=consumer-lab-group-1, groupId=lab-group] Found no committed offset for partition lab.requests-0
2025-12-22T17:38:42.855+01:00  INFO 21108 --- [lab-service] [ntainer#0-0-C-1] o.a.k.c.c.internals.SubscriptionState    : [Consumer clientId=consumer-lab-group-1, groupId=lab-group] Resetting offset for partition lab.requests-0 to position FetchPosition{offset=0, offsetEpoch=Optional.empty, currentLeader=LeaderAndEpoch{leader=Optional[localhost:9092 (id: 1 rack: null)], epoch=0}}.
2025-12-22T17:38:42.884+01:00  INFO 21108 --- [lab-service] [ntainer#0-0-C-1] o.s.k.l.KafkaMessageListenerContainer    : lab-group: partitions assigned: [lab.requests-0]
2025-12-22T17:47:39.552+01:00  INFO 21108 --- [lab-service] [ntainer#0-0-C-1] org.apache.kafka.clients.NetworkClient   : [Consumer clientId=consumer-lab-group-1, groupId=lab-group] Node -1 disconnected.
